<?xml version="1.0" encoding="UTF-8"?>
<!-- Generated by org.testng.reporters.JUnitReportReporter -->
<testsuite hostname="DESKTOP-0ASI0JC" failures="0" tests="1" name="testrunner.TestRunner" time="177.096" errors="0" timestamp="2021-01-12T10:24:13 IST" skipped="0">
  <testcase classname="testrunner.TestRunner" name="feature" time="177.096"/>
  <system-out/>
</testsuite> <!-- testrunner.TestRunner -->
