<?xml version="1.0" encoding="UTF-8"?>
<!-- Generated by org.testng.reporters.JUnitReportReporter -->
<testsuite hostname="DESKTOP-EEP6R7M" failures="0" tests="1" name="cucumberTest.TestRunner" time="64.033" errors="0" timestamp="2021-01-11T15:16:05 IST" skipped="0">
  <testcase classname="cucumberTest.TestRunner" name="feature" time="64.033"/>
  <system-out/>
</testsuite> <!-- cucumberTest.TestRunner -->
