<?xml version="1.0" encoding="UTF-8"?>
<!-- Generated by org.testng.reporters.JUnitReportReporter -->
<testsuite hostname="DESKTOP-EEP6R7M" failures="0" tests="1" name="cucumberTest.TestRunner" time="53.909" errors="0" timestamp="2021-01-08T15:27:38 IST" skipped="0">
  <testcase classname="cucumberTest.TestRunner" name="feature" time="53.909"/>
  <system-out/>
</testsuite> <!-- cucumberTest.TestRunner -->
