<?xml version="1.0" encoding="UTF-8"?>
<!-- Generated by org.testng.reporters.JUnitReportReporter -->
<testsuite hostname="DESKTOP-GCTAKCG" failures="0" tests="1" name="cucumbertest.TestRunner" time="21.245" errors="0" timestamp="2021-01-12T18:05:00 IST" skipped="0">
  <testcase classname="cucumbertest.TestRunner" name="feature" time="21.245"/>
  <system-out/>
</testsuite> <!-- cucumbertest.TestRunner -->
